[35m[1mConsolidate compiler generated dependencies of target simple_message_dummy[0m
[  0%] Built target industrial_msgs_generate_messages_cpp
[  3%] Built target simple_message_dummy
[  3%] Built target geometry_msgs_generate_messages_py
[  3%] Built target industrial_msgs_generate_messages_eus
[  3%] Built target industrial_msgs_generate_messages_lisp
[  3%] Built target industrial_msgs_generate_messages_nodejs
[  3%] Built target industrial_msgs_generate_messages_py
[  3%] Built target std_msgs_generate_messages_cpp
[  3%] Built target std_msgs_generate_messages_eus
[  3%] Built target std_msgs_generate_messages_nodejs
[  3%] Built target std_msgs_generate_messages_lisp
[  3%] Built target std_msgs_generate_messages_py
[  3%] Built target trajectory_msgs_generate_messages_cpp
[  3%] Built target trajectory_msgs_generate_messages_eus
[  3%] Built target trajectory_msgs_generate_messages_nodejs
[  3%] Built target trajectory_msgs_generate_messages_lisp
[  3%] Built target geometry_msgs_generate_messages_eus
[  3%] Built target trajectory_msgs_generate_messages_py
[  3%] Built target geometry_msgs_generate_messages_cpp
[  3%] Built target geometry_msgs_generate_messages_lisp
[  3%] Built target geometry_msgs_generate_messages_nodejs
[35m[1mConsolidate compiler generated dependencies of target simple_message_bswap[0m
[35m[1mConsolidate compiler generated dependencies of target simple_message[0m
[35m[1mConsolidate compiler generated dependencies of target simple_message_float64[0m
[ 35%] Built target simple_message_bswap
[ 67%] Built target simple_message_float64
[100%] Built target simple_message
