Linked: (/home/robo/multi_mobile_manip_ws/devel/.private/puma_motor_msgs/lib/pkgconfig/puma_motor_msgs.pc, /home/robo/multi_mobile_manip_ws/devel/lib/pkgconfig/puma_motor_msgs.pc)
Linked: (/home/robo/multi_mobile_manip_ws/devel/.private/puma_motor_msgs/lib/python3/dist-packages/puma_motor_msgs/__init__.py, /home/robo/multi_mobile_manip_ws/devel/lib/python3/dist-packages/puma_motor_msgs/__init__.py)
Linked: (/home/robo/multi_mobile_manip_ws/devel/.private/puma_motor_msgs/lib/python3/dist-packages/puma_motor_msgs/msg/_MultiFeedback.py, /home/robo/multi_mobile_manip_ws/devel/lib/python3/dist-packages/puma_motor_msgs/msg/_MultiFeedback.py)
Linked: (/home/robo/multi_mobile_manip_ws/devel/.private/puma_motor_msgs/lib/python3/dist-packages/puma_motor_msgs/msg/_MultiStatus.py, /home/robo/multi_mobile_manip_ws/devel/lib/python3/dist-packages/puma_motor_msgs/msg/_MultiStatus.py)
Linked: (/home/robo/multi_mobile_manip_ws/devel/.private/puma_motor_msgs/lib/python3/dist-packages/puma_motor_msgs/msg/__init__.py, /home/robo/multi_mobile_manip_ws/devel/lib/python3/dist-packages/puma_motor_msgs/msg/__init__.py)
Linked: (/home/robo/multi_mobile_manip_ws/devel/.private/puma_motor_msgs/lib/python3/dist-packages/puma_motor_msgs/msg/_Feedback.py, /home/robo/multi_mobile_manip_ws/devel/lib/python3/dist-packages/puma_motor_msgs/msg/_Feedback.py)
Linked: (/home/robo/multi_mobile_manip_ws/devel/.private/puma_motor_msgs/lib/python3/dist-packages/puma_motor_msgs/msg/_Status.py, /home/robo/multi_mobile_manip_ws/devel/lib/python3/dist-packages/puma_motor_msgs/msg/_Status.py)
Linked: (/home/robo/multi_mobile_manip_ws/devel/.private/puma_motor_msgs/include/puma_motor_msgs/Status.h, /home/robo/multi_mobile_manip_ws/devel/include/puma_motor_msgs/Status.h)
Linked: (/home/robo/multi_mobile_manip_ws/devel/.private/puma_motor_msgs/include/puma_motor_msgs/MultiFeedback.h, /home/robo/multi_mobile_manip_ws/devel/include/puma_motor_msgs/MultiFeedback.h)
Linked: (/home/robo/multi_mobile_manip_ws/devel/.private/puma_motor_msgs/include/puma_motor_msgs/MultiStatus.h, /home/robo/multi_mobile_manip_ws/devel/include/puma_motor_msgs/MultiStatus.h)
Linked: (/home/robo/multi_mobile_manip_ws/devel/.private/puma_motor_msgs/include/puma_motor_msgs/Feedback.h, /home/robo/multi_mobile_manip_ws/devel/include/puma_motor_msgs/Feedback.h)
Linked: (/home/robo/multi_mobile_manip_ws/devel/.private/puma_motor_msgs/share/roseus/ros/puma_motor_msgs/manifest.l, /home/robo/multi_mobile_manip_ws/devel/share/roseus/ros/puma_motor_msgs/manifest.l)
Linked: (/home/robo/multi_mobile_manip_ws/devel/.private/puma_motor_msgs/share/roseus/ros/puma_motor_msgs/msg/MultiStatus.l, /home/robo/multi_mobile_manip_ws/devel/share/roseus/ros/puma_motor_msgs/msg/MultiStatus.l)
Linked: (/home/robo/multi_mobile_manip_ws/devel/.private/puma_motor_msgs/share/roseus/ros/puma_motor_msgs/msg/MultiFeedback.l, /home/robo/multi_mobile_manip_ws/devel/share/roseus/ros/puma_motor_msgs/msg/MultiFeedback.l)
Linked: (/home/robo/multi_mobile_manip_ws/devel/.private/puma_motor_msgs/share/roseus/ros/puma_motor_msgs/msg/Status.l, /home/robo/multi_mobile_manip_ws/devel/share/roseus/ros/puma_motor_msgs/msg/Status.l)
Linked: (/home/robo/multi_mobile_manip_ws/devel/.private/puma_motor_msgs/share/roseus/ros/puma_motor_msgs/msg/Feedback.l, /home/robo/multi_mobile_manip_ws/devel/share/roseus/ros/puma_motor_msgs/msg/Feedback.l)
Linked: (/home/robo/multi_mobile_manip_ws/devel/.private/puma_motor_msgs/share/common-lisp/ros/puma_motor_msgs/msg/_package.lisp, /home/robo/multi_mobile_manip_ws/devel/share/common-lisp/ros/puma_motor_msgs/msg/_package.lisp)
Linked: (/home/robo/multi_mobile_manip_ws/devel/.private/puma_motor_msgs/share/common-lisp/ros/puma_motor_msgs/msg/MultiFeedback.lisp, /home/robo/multi_mobile_manip_ws/devel/share/common-lisp/ros/puma_motor_msgs/msg/MultiFeedback.lisp)
Linked: (/home/robo/multi_mobile_manip_ws/devel/.private/puma_motor_msgs/share/common-lisp/ros/puma_motor_msgs/msg/_package_Feedback.lisp, /home/robo/multi_mobile_manip_ws/devel/share/common-lisp/ros/puma_motor_msgs/msg/_package_Feedback.lisp)
Linked: (/home/robo/multi_mobile_manip_ws/devel/.private/puma_motor_msgs/share/common-lisp/ros/puma_motor_msgs/msg/Status.lisp, /home/robo/multi_mobile_manip_ws/devel/share/common-lisp/ros/puma_motor_msgs/msg/Status.lisp)
Linked: (/home/robo/multi_mobile_manip_ws/devel/.private/puma_motor_msgs/share/common-lisp/ros/puma_motor_msgs/msg/puma_motor_msgs-msg.asd, /home/robo/multi_mobile_manip_ws/devel/share/common-lisp/ros/puma_motor_msgs/msg/puma_motor_msgs-msg.asd)
Linked: (/home/robo/multi_mobile_manip_ws/devel/.private/puma_motor_msgs/share/common-lisp/ros/puma_motor_msgs/msg/_package_Status.lisp, /home/robo/multi_mobile_manip_ws/devel/share/common-lisp/ros/puma_motor_msgs/msg/_package_Status.lisp)
Linked: (/home/robo/multi_mobile_manip_ws/devel/.private/puma_motor_msgs/share/common-lisp/ros/puma_motor_msgs/msg/MultiStatus.lisp, /home/robo/multi_mobile_manip_ws/devel/share/common-lisp/ros/puma_motor_msgs/msg/MultiStatus.lisp)
Linked: (/home/robo/multi_mobile_manip_ws/devel/.private/puma_motor_msgs/share/common-lisp/ros/puma_motor_msgs/msg/_package_MultiStatus.lisp, /home/robo/multi_mobile_manip_ws/devel/share/common-lisp/ros/puma_motor_msgs/msg/_package_MultiStatus.lisp)
Linked: (/home/robo/multi_mobile_manip_ws/devel/.private/puma_motor_msgs/share/common-lisp/ros/puma_motor_msgs/msg/Feedback.lisp, /home/robo/multi_mobile_manip_ws/devel/share/common-lisp/ros/puma_motor_msgs/msg/Feedback.lisp)
Linked: (/home/robo/multi_mobile_manip_ws/devel/.private/puma_motor_msgs/share/common-lisp/ros/puma_motor_msgs/msg/_package_MultiFeedback.lisp, /home/robo/multi_mobile_manip_ws/devel/share/common-lisp/ros/puma_motor_msgs/msg/_package_MultiFeedback.lisp)
Linked: (/home/robo/multi_mobile_manip_ws/devel/.private/puma_motor_msgs/share/puma_motor_msgs/cmake/puma_motor_msgs-msg-extras.cmake, /home/robo/multi_mobile_manip_ws/devel/share/puma_motor_msgs/cmake/puma_motor_msgs-msg-extras.cmake)
Linked: (/home/robo/multi_mobile_manip_ws/devel/.private/puma_motor_msgs/share/puma_motor_msgs/cmake/puma_motor_msgs-msg-paths.cmake, /home/robo/multi_mobile_manip_ws/devel/share/puma_motor_msgs/cmake/puma_motor_msgs-msg-paths.cmake)
Linked: (/home/robo/multi_mobile_manip_ws/devel/.private/puma_motor_msgs/share/puma_motor_msgs/cmake/puma_motor_msgsConfig-version.cmake, /home/robo/multi_mobile_manip_ws/devel/share/puma_motor_msgs/cmake/puma_motor_msgsConfig-version.cmake)
Linked: (/home/robo/multi_mobile_manip_ws/devel/.private/puma_motor_msgs/share/puma_motor_msgs/cmake/puma_motor_msgsConfig.cmake, /home/robo/multi_mobile_manip_ws/devel/share/puma_motor_msgs/cmake/puma_motor_msgsConfig.cmake)
Linked: (/home/robo/multi_mobile_manip_ws/devel/.private/puma_motor_msgs/share/gennodejs/ros/puma_motor_msgs/_index.js, /home/robo/multi_mobile_manip_ws/devel/share/gennodejs/ros/puma_motor_msgs/_index.js)
Linked: (/home/robo/multi_mobile_manip_ws/devel/.private/puma_motor_msgs/share/gennodejs/ros/puma_motor_msgs/msg/_index.js, /home/robo/multi_mobile_manip_ws/devel/share/gennodejs/ros/puma_motor_msgs/msg/_index.js)
Linked: (/home/robo/multi_mobile_manip_ws/devel/.private/puma_motor_msgs/share/gennodejs/ros/puma_motor_msgs/msg/Feedback.js, /home/robo/multi_mobile_manip_ws/devel/share/gennodejs/ros/puma_motor_msgs/msg/Feedback.js)
Linked: (/home/robo/multi_mobile_manip_ws/devel/.private/puma_motor_msgs/share/gennodejs/ros/puma_motor_msgs/msg/Status.js, /home/robo/multi_mobile_manip_ws/devel/share/gennodejs/ros/puma_motor_msgs/msg/Status.js)
Linked: (/home/robo/multi_mobile_manip_ws/devel/.private/puma_motor_msgs/share/gennodejs/ros/puma_motor_msgs/msg/MultiStatus.js, /home/robo/multi_mobile_manip_ws/devel/share/gennodejs/ros/puma_motor_msgs/msg/MultiStatus.js)
Linked: (/home/robo/multi_mobile_manip_ws/devel/.private/puma_motor_msgs/share/gennodejs/ros/puma_motor_msgs/msg/MultiFeedback.js, /home/robo/multi_mobile_manip_ws/devel/share/gennodejs/ros/puma_motor_msgs/msg/MultiFeedback.js)
