Symlinking /home/robo/multi_mobile_manip_ws/devel/lib/pkgconfig/puma_motor_msgs.pc
Symlinking /home/robo/multi_mobile_manip_ws/devel/lib/python3/dist-packages/puma_motor_msgs/__init__.py
Symlinking /home/robo/multi_mobile_manip_ws/devel/lib/python3/dist-packages/puma_motor_msgs/msg/_MultiFeedback.py
Symlinking /home/robo/multi_mobile_manip_ws/devel/lib/python3/dist-packages/puma_motor_msgs/msg/_MultiStatus.py
Symlinking /home/robo/multi_mobile_manip_ws/devel/lib/python3/dist-packages/puma_motor_msgs/msg/__init__.py
Symlinking /home/robo/multi_mobile_manip_ws/devel/lib/python3/dist-packages/puma_motor_msgs/msg/_Feedback.py
Symlinking /home/robo/multi_mobile_manip_ws/devel/lib/python3/dist-packages/puma_motor_msgs/msg/_Status.py
Symlinking /home/robo/multi_mobile_manip_ws/devel/include/puma_motor_msgs/Status.h
Symlinking /home/robo/multi_mobile_manip_ws/devel/include/puma_motor_msgs/MultiFeedback.h
Symlinking /home/robo/multi_mobile_manip_ws/devel/include/puma_motor_msgs/MultiStatus.h
Symlinking /home/robo/multi_mobile_manip_ws/devel/include/puma_motor_msgs/Feedback.h
Symlinking /home/robo/multi_mobile_manip_ws/devel/share/roseus/ros/puma_motor_msgs/manifest.l
Symlinking /home/robo/multi_mobile_manip_ws/devel/share/roseus/ros/puma_motor_msgs/msg/MultiStatus.l
Symlinking /home/robo/multi_mobile_manip_ws/devel/share/roseus/ros/puma_motor_msgs/msg/MultiFeedback.l
Symlinking /home/robo/multi_mobile_manip_ws/devel/share/roseus/ros/puma_motor_msgs/msg/Status.l
Symlinking /home/robo/multi_mobile_manip_ws/devel/share/roseus/ros/puma_motor_msgs/msg/Feedback.l
Symlinking /home/robo/multi_mobile_manip_ws/devel/share/common-lisp/ros/puma_motor_msgs/msg/_package.lisp
Symlinking /home/robo/multi_mobile_manip_ws/devel/share/common-lisp/ros/puma_motor_msgs/msg/MultiFeedback.lisp
Symlinking /home/robo/multi_mobile_manip_ws/devel/share/common-lisp/ros/puma_motor_msgs/msg/_package_Feedback.lisp
Symlinking /home/robo/multi_mobile_manip_ws/devel/share/common-lisp/ros/puma_motor_msgs/msg/Status.lisp
Symlinking /home/robo/multi_mobile_manip_ws/devel/share/common-lisp/ros/puma_motor_msgs/msg/puma_motor_msgs-msg.asd
Symlinking /home/robo/multi_mobile_manip_ws/devel/share/common-lisp/ros/puma_motor_msgs/msg/_package_Status.lisp
Symlinking /home/robo/multi_mobile_manip_ws/devel/share/common-lisp/ros/puma_motor_msgs/msg/MultiStatus.lisp
Symlinking /home/robo/multi_mobile_manip_ws/devel/share/common-lisp/ros/puma_motor_msgs/msg/_package_MultiStatus.lisp
Symlinking /home/robo/multi_mobile_manip_ws/devel/share/common-lisp/ros/puma_motor_msgs/msg/Feedback.lisp
Symlinking /home/robo/multi_mobile_manip_ws/devel/share/common-lisp/ros/puma_motor_msgs/msg/_package_MultiFeedback.lisp
Symlinking /home/robo/multi_mobile_manip_ws/devel/share/puma_motor_msgs/cmake/puma_motor_msgs-msg-extras.cmake
Symlinking /home/robo/multi_mobile_manip_ws/devel/share/puma_motor_msgs/cmake/puma_motor_msgs-msg-paths.cmake
Symlinking /home/robo/multi_mobile_manip_ws/devel/share/puma_motor_msgs/cmake/puma_motor_msgsConfig-version.cmake
Symlinking /home/robo/multi_mobile_manip_ws/devel/share/puma_motor_msgs/cmake/puma_motor_msgsConfig.cmake
Symlinking /home/robo/multi_mobile_manip_ws/devel/share/gennodejs/ros/puma_motor_msgs/_index.js
Symlinking /home/robo/multi_mobile_manip_ws/devel/share/gennodejs/ros/puma_motor_msgs/msg/_index.js
Symlinking /home/robo/multi_mobile_manip_ws/devel/share/gennodejs/ros/puma_motor_msgs/msg/Feedback.js
Symlinking /home/robo/multi_mobile_manip_ws/devel/share/gennodejs/ros/puma_motor_msgs/msg/Status.js
Symlinking /home/robo/multi_mobile_manip_ws/devel/share/gennodejs/ros/puma_motor_msgs/msg/MultiStatus.js
Symlinking /home/robo/multi_mobile_manip_ws/devel/share/gennodejs/ros/puma_motor_msgs/msg/MultiFeedback.js
