[  0%] Built target std_msgs_generate_messages_py
[  0%] Built target _puma_motor_msgs_generate_messages_check_deps_Feedback
[  0%] Built target _puma_motor_msgs_generate_messages_check_deps_MultiStatus
[  0%] Built target std_msgs_generate_messages_cpp
[  0%] Built target _puma_motor_msgs_generate_messages_check_deps_Status
[  0%] Built target std_msgs_generate_messages_eus
[  0%] Built target std_msgs_generate_messages_lisp
[  0%] Built target std_msgs_generate_messages_nodejs
[  0%] Built target _puma_motor_msgs_generate_messages_check_deps_MultiFeedback
[  4%] [34m[1mGenerating Python from MSG puma_motor_msgs/MultiStatus[0m
[ 13%] [34m[1mGenerating C++ code from puma_motor_msgs/MultiStatus.msg[0m
[ 13%] [34m[1mGenerating EusLisp code from puma_motor_msgs/MultiStatus.msg[0m
[ 18%] [34m[1mGenerating EusLisp code from puma_motor_msgs/Status.msg[0m
[ 22%] [34m[1mGenerating C++ code from puma_motor_msgs/Status.msg[0m
[ 27%] [34m[1mGenerating EusLisp code from puma_motor_msgs/MultiFeedback.msg[0m
[ 31%] [34m[1mGenerating Python from MSG puma_motor_msgs/Status[0m
[ 36%] [34m[1mGenerating Python from MSG puma_motor_msgs/MultiFeedback[0m
[ 40%] [34m[1mGenerating Python from MSG puma_motor_msgs/Feedback[0m
[ 45%] [34m[1mGenerating C++ code from puma_motor_msgs/MultiFeedback.msg[0m
[ 50%] [34m[1mGenerating EusLisp code from puma_motor_msgs/Feedback.msg[0m
[ 54%] [34m[1mGenerating C++ code from puma_motor_msgs/Feedback.msg[0m
[ 59%] [34m[1mGenerating EusLisp manifest code for puma_motor_msgs[0m
[ 63%] [34m[1mGenerating Python msg __init__.py for puma_motor_msgs[0m
[ 68%] [34m[1mGenerating Lisp code from puma_motor_msgs/Status.msg[0m
[ 72%] [34m[1mGenerating Lisp code from puma_motor_msgs/MultiStatus.msg[0m
[ 77%] [34m[1mGenerating Lisp code from puma_motor_msgs/MultiFeedback.msg[0m
[ 81%] [34m[1mGenerating Javascript code from puma_motor_msgs/MultiStatus.msg[0m
[ 81%] Built target puma_motor_msgs_generate_messages_cpp
[ 86%] [34m[1mGenerating Lisp code from puma_motor_msgs/Feedback.msg[0m
[ 90%] [34m[1mGenerating Javascript code from puma_motor_msgs/Status.msg[0m
[ 95%] [34m[1mGenerating Javascript code from puma_motor_msgs/MultiFeedback.msg[0m
[ 95%] Built target puma_motor_msgs_generate_messages_lisp
[100%] [34m[1mGenerating Javascript code from puma_motor_msgs/Feedback.msg[0m
[100%] Built target puma_motor_msgs_generate_messages_py
[100%] Built target puma_motor_msgs_generate_messages_nodejs
[100%] Built target puma_motor_msgs_generate_messages_eus
[100%] Built target puma_motor_msgs_generate_messages
