Linked: (/home/robo/multi_mobile_manip_ws/devel/.private/dingo_msgs/lib/pkgconfig/dingo_msgs.pc, /home/robo/multi_mobile_manip_ws/devel/lib/pkgconfig/dingo_msgs.pc)
Linked: (/home/robo/multi_mobile_manip_ws/devel/.private/dingo_msgs/lib/python3/dist-packages/dingo_msgs/__init__.py, /home/robo/multi_mobile_manip_ws/devel/lib/python3/dist-packages/dingo_msgs/__init__.py)
Linked: (/home/robo/multi_mobile_manip_ws/devel/.private/dingo_msgs/lib/python3/dist-packages/dingo_msgs/msg/_RGB.py, /home/robo/multi_mobile_manip_ws/devel/lib/python3/dist-packages/dingo_msgs/msg/_RGB.py)
Linked: (/home/robo/multi_mobile_manip_ws/devel/.private/dingo_msgs/lib/python3/dist-packages/dingo_msgs/msg/_Lights.py, /home/robo/multi_mobile_manip_ws/devel/lib/python3/dist-packages/dingo_msgs/msg/_Lights.py)
Linked: (/home/robo/multi_mobile_manip_ws/devel/.private/dingo_msgs/lib/python3/dist-packages/dingo_msgs/msg/__init__.py, /home/robo/multi_mobile_manip_ws/devel/lib/python3/dist-packages/dingo_msgs/msg/__init__.py)
Linked: (/home/robo/multi_mobile_manip_ws/devel/.private/dingo_msgs/lib/python3/dist-packages/dingo_msgs/msg/_Status.py, /home/robo/multi_mobile_manip_ws/devel/lib/python3/dist-packages/dingo_msgs/msg/_Status.py)
Linked: (/home/robo/multi_mobile_manip_ws/devel/.private/dingo_msgs/lib/python3/dist-packages/dingo_msgs/msg/_Fans.py, /home/robo/multi_mobile_manip_ws/devel/lib/python3/dist-packages/dingo_msgs/msg/_Fans.py)
Linked: (/home/robo/multi_mobile_manip_ws/devel/.private/dingo_msgs/include/dingo_msgs/Status.h, /home/robo/multi_mobile_manip_ws/devel/include/dingo_msgs/Status.h)
Linked: (/home/robo/multi_mobile_manip_ws/devel/.private/dingo_msgs/include/dingo_msgs/Lights.h, /home/robo/multi_mobile_manip_ws/devel/include/dingo_msgs/Lights.h)
Linked: (/home/robo/multi_mobile_manip_ws/devel/.private/dingo_msgs/include/dingo_msgs/Fans.h, /home/robo/multi_mobile_manip_ws/devel/include/dingo_msgs/Fans.h)
Linked: (/home/robo/multi_mobile_manip_ws/devel/.private/dingo_msgs/include/dingo_msgs/RGB.h, /home/robo/multi_mobile_manip_ws/devel/include/dingo_msgs/RGB.h)
Linked: (/home/robo/multi_mobile_manip_ws/devel/.private/dingo_msgs/share/roseus/ros/dingo_msgs/manifest.l, /home/robo/multi_mobile_manip_ws/devel/share/roseus/ros/dingo_msgs/manifest.l)
Linked: (/home/robo/multi_mobile_manip_ws/devel/.private/dingo_msgs/share/roseus/ros/dingo_msgs/msg/RGB.l, /home/robo/multi_mobile_manip_ws/devel/share/roseus/ros/dingo_msgs/msg/RGB.l)
Linked: (/home/robo/multi_mobile_manip_ws/devel/.private/dingo_msgs/share/roseus/ros/dingo_msgs/msg/Fans.l, /home/robo/multi_mobile_manip_ws/devel/share/roseus/ros/dingo_msgs/msg/Fans.l)
Linked: (/home/robo/multi_mobile_manip_ws/devel/.private/dingo_msgs/share/roseus/ros/dingo_msgs/msg/Status.l, /home/robo/multi_mobile_manip_ws/devel/share/roseus/ros/dingo_msgs/msg/Status.l)
Linked: (/home/robo/multi_mobile_manip_ws/devel/.private/dingo_msgs/share/roseus/ros/dingo_msgs/msg/Lights.l, /home/robo/multi_mobile_manip_ws/devel/share/roseus/ros/dingo_msgs/msg/Lights.l)
Linked: (/home/robo/multi_mobile_manip_ws/devel/.private/dingo_msgs/share/dingo_msgs/cmake/dingo_msgs-msg-extras.cmake, /home/robo/multi_mobile_manip_ws/devel/share/dingo_msgs/cmake/dingo_msgs-msg-extras.cmake)
Linked: (/home/robo/multi_mobile_manip_ws/devel/.private/dingo_msgs/share/dingo_msgs/cmake/dingo_msgs-msg-paths.cmake, /home/robo/multi_mobile_manip_ws/devel/share/dingo_msgs/cmake/dingo_msgs-msg-paths.cmake)
Linked: (/home/robo/multi_mobile_manip_ws/devel/.private/dingo_msgs/share/dingo_msgs/cmake/dingo_msgsConfig-version.cmake, /home/robo/multi_mobile_manip_ws/devel/share/dingo_msgs/cmake/dingo_msgsConfig-version.cmake)
Linked: (/home/robo/multi_mobile_manip_ws/devel/.private/dingo_msgs/share/dingo_msgs/cmake/dingo_msgsConfig.cmake, /home/robo/multi_mobile_manip_ws/devel/share/dingo_msgs/cmake/dingo_msgsConfig.cmake)
Linked: (/home/robo/multi_mobile_manip_ws/devel/.private/dingo_msgs/share/common-lisp/ros/dingo_msgs/msg/Fans.lisp, /home/robo/multi_mobile_manip_ws/devel/share/common-lisp/ros/dingo_msgs/msg/Fans.lisp)
Linked: (/home/robo/multi_mobile_manip_ws/devel/.private/dingo_msgs/share/common-lisp/ros/dingo_msgs/msg/_package.lisp, /home/robo/multi_mobile_manip_ws/devel/share/common-lisp/ros/dingo_msgs/msg/_package.lisp)
Linked: (/home/robo/multi_mobile_manip_ws/devel/.private/dingo_msgs/share/common-lisp/ros/dingo_msgs/msg/RGB.lisp, /home/robo/multi_mobile_manip_ws/devel/share/common-lisp/ros/dingo_msgs/msg/RGB.lisp)
Linked: (/home/robo/multi_mobile_manip_ws/devel/.private/dingo_msgs/share/common-lisp/ros/dingo_msgs/msg/dingo_msgs-msg.asd, /home/robo/multi_mobile_manip_ws/devel/share/common-lisp/ros/dingo_msgs/msg/dingo_msgs-msg.asd)
Linked: (/home/robo/multi_mobile_manip_ws/devel/.private/dingo_msgs/share/common-lisp/ros/dingo_msgs/msg/Lights.lisp, /home/robo/multi_mobile_manip_ws/devel/share/common-lisp/ros/dingo_msgs/msg/Lights.lisp)
Linked: (/home/robo/multi_mobile_manip_ws/devel/.private/dingo_msgs/share/common-lisp/ros/dingo_msgs/msg/_package_Fans.lisp, /home/robo/multi_mobile_manip_ws/devel/share/common-lisp/ros/dingo_msgs/msg/_package_Fans.lisp)
Linked: (/home/robo/multi_mobile_manip_ws/devel/.private/dingo_msgs/share/common-lisp/ros/dingo_msgs/msg/Status.lisp, /home/robo/multi_mobile_manip_ws/devel/share/common-lisp/ros/dingo_msgs/msg/Status.lisp)
Linked: (/home/robo/multi_mobile_manip_ws/devel/.private/dingo_msgs/share/common-lisp/ros/dingo_msgs/msg/_package_Lights.lisp, /home/robo/multi_mobile_manip_ws/devel/share/common-lisp/ros/dingo_msgs/msg/_package_Lights.lisp)
Linked: (/home/robo/multi_mobile_manip_ws/devel/.private/dingo_msgs/share/common-lisp/ros/dingo_msgs/msg/_package_Status.lisp, /home/robo/multi_mobile_manip_ws/devel/share/common-lisp/ros/dingo_msgs/msg/_package_Status.lisp)
Linked: (/home/robo/multi_mobile_manip_ws/devel/.private/dingo_msgs/share/common-lisp/ros/dingo_msgs/msg/_package_RGB.lisp, /home/robo/multi_mobile_manip_ws/devel/share/common-lisp/ros/dingo_msgs/msg/_package_RGB.lisp)
Linked: (/home/robo/multi_mobile_manip_ws/devel/.private/dingo_msgs/share/gennodejs/ros/dingo_msgs/_index.js, /home/robo/multi_mobile_manip_ws/devel/share/gennodejs/ros/dingo_msgs/_index.js)
Linked: (/home/robo/multi_mobile_manip_ws/devel/.private/dingo_msgs/share/gennodejs/ros/dingo_msgs/msg/Fans.js, /home/robo/multi_mobile_manip_ws/devel/share/gennodejs/ros/dingo_msgs/msg/Fans.js)
Linked: (/home/robo/multi_mobile_manip_ws/devel/.private/dingo_msgs/share/gennodejs/ros/dingo_msgs/msg/RGB.js, /home/robo/multi_mobile_manip_ws/devel/share/gennodejs/ros/dingo_msgs/msg/RGB.js)
Linked: (/home/robo/multi_mobile_manip_ws/devel/.private/dingo_msgs/share/gennodejs/ros/dingo_msgs/msg/_index.js, /home/robo/multi_mobile_manip_ws/devel/share/gennodejs/ros/dingo_msgs/msg/_index.js)
Linked: (/home/robo/multi_mobile_manip_ws/devel/.private/dingo_msgs/share/gennodejs/ros/dingo_msgs/msg/Status.js, /home/robo/multi_mobile_manip_ws/devel/share/gennodejs/ros/dingo_msgs/msg/Status.js)
Linked: (/home/robo/multi_mobile_manip_ws/devel/.private/dingo_msgs/share/gennodejs/ros/dingo_msgs/msg/Lights.js, /home/robo/multi_mobile_manip_ws/devel/share/gennodejs/ros/dingo_msgs/msg/Lights.js)
