Symlinking /home/robo/multi_mobile_manip_ws/devel/lib/pkgconfig/dingo_msgs.pc
Symlinking /home/robo/multi_mobile_manip_ws/devel/lib/python3/dist-packages/dingo_msgs/__init__.py
Symlinking /home/robo/multi_mobile_manip_ws/devel/lib/python3/dist-packages/dingo_msgs/msg/_RGB.py
Symlinking /home/robo/multi_mobile_manip_ws/devel/lib/python3/dist-packages/dingo_msgs/msg/_Lights.py
Symlinking /home/robo/multi_mobile_manip_ws/devel/lib/python3/dist-packages/dingo_msgs/msg/__init__.py
Symlinking /home/robo/multi_mobile_manip_ws/devel/lib/python3/dist-packages/dingo_msgs/msg/_Status.py
Symlinking /home/robo/multi_mobile_manip_ws/devel/lib/python3/dist-packages/dingo_msgs/msg/_Fans.py
Symlinking /home/robo/multi_mobile_manip_ws/devel/include/dingo_msgs/Status.h
Symlinking /home/robo/multi_mobile_manip_ws/devel/include/dingo_msgs/Lights.h
Symlinking /home/robo/multi_mobile_manip_ws/devel/include/dingo_msgs/Fans.h
Symlinking /home/robo/multi_mobile_manip_ws/devel/include/dingo_msgs/RGB.h
Symlinking /home/robo/multi_mobile_manip_ws/devel/share/roseus/ros/dingo_msgs/manifest.l
Symlinking /home/robo/multi_mobile_manip_ws/devel/share/roseus/ros/dingo_msgs/msg/RGB.l
Symlinking /home/robo/multi_mobile_manip_ws/devel/share/roseus/ros/dingo_msgs/msg/Fans.l
Symlinking /home/robo/multi_mobile_manip_ws/devel/share/roseus/ros/dingo_msgs/msg/Status.l
Symlinking /home/robo/multi_mobile_manip_ws/devel/share/roseus/ros/dingo_msgs/msg/Lights.l
Symlinking /home/robo/multi_mobile_manip_ws/devel/share/dingo_msgs/cmake/dingo_msgs-msg-extras.cmake
Symlinking /home/robo/multi_mobile_manip_ws/devel/share/dingo_msgs/cmake/dingo_msgs-msg-paths.cmake
Symlinking /home/robo/multi_mobile_manip_ws/devel/share/dingo_msgs/cmake/dingo_msgsConfig-version.cmake
Symlinking /home/robo/multi_mobile_manip_ws/devel/share/dingo_msgs/cmake/dingo_msgsConfig.cmake
Symlinking /home/robo/multi_mobile_manip_ws/devel/share/common-lisp/ros/dingo_msgs/msg/Fans.lisp
Symlinking /home/robo/multi_mobile_manip_ws/devel/share/common-lisp/ros/dingo_msgs/msg/_package.lisp
Symlinking /home/robo/multi_mobile_manip_ws/devel/share/common-lisp/ros/dingo_msgs/msg/RGB.lisp
Symlinking /home/robo/multi_mobile_manip_ws/devel/share/common-lisp/ros/dingo_msgs/msg/dingo_msgs-msg.asd
Symlinking /home/robo/multi_mobile_manip_ws/devel/share/common-lisp/ros/dingo_msgs/msg/Lights.lisp
Symlinking /home/robo/multi_mobile_manip_ws/devel/share/common-lisp/ros/dingo_msgs/msg/_package_Fans.lisp
Symlinking /home/robo/multi_mobile_manip_ws/devel/share/common-lisp/ros/dingo_msgs/msg/Status.lisp
Symlinking /home/robo/multi_mobile_manip_ws/devel/share/common-lisp/ros/dingo_msgs/msg/_package_Lights.lisp
Symlinking /home/robo/multi_mobile_manip_ws/devel/share/common-lisp/ros/dingo_msgs/msg/_package_Status.lisp
Symlinking /home/robo/multi_mobile_manip_ws/devel/share/common-lisp/ros/dingo_msgs/msg/_package_RGB.lisp
Symlinking /home/robo/multi_mobile_manip_ws/devel/share/gennodejs/ros/dingo_msgs/_index.js
Symlinking /home/robo/multi_mobile_manip_ws/devel/share/gennodejs/ros/dingo_msgs/msg/Fans.js
Symlinking /home/robo/multi_mobile_manip_ws/devel/share/gennodejs/ros/dingo_msgs/msg/RGB.js
Symlinking /home/robo/multi_mobile_manip_ws/devel/share/gennodejs/ros/dingo_msgs/msg/_index.js
Symlinking /home/robo/multi_mobile_manip_ws/devel/share/gennodejs/ros/dingo_msgs/msg/Status.js
Symlinking /home/robo/multi_mobile_manip_ws/devel/share/gennodejs/ros/dingo_msgs/msg/Lights.js
