[  0%] Built target std_msgs_generate_messages_py
[  0%] Built target _mobile_manip_generate_messages_check_deps_GetValues
[  0%] Built target _mobile_manip_generate_messages_check_deps_ReachName
[  0%] Built target std_msgs_generate_messages_cpp
[  0%] Built target std_msgs_generate_messages_eus
[  0%] Built target _mobile_manip_generate_messages_check_deps_ReachValues
[  0%] Built target std_msgs_generate_messages_lisp
[  0%] Built target std_msgs_generate_messages_nodejs
[  4%] [34m[1mGenerating Python code from SRV mobile_manip/ReachName[0m
[  9%] [32mBuilding CXX object CMakeFiles/gazebo_panel_plugin.dir/src/gazebo_plugins/gazebo_panel_plugin.cpp.o[0m
[ 13%] [34m[1mGenerating C++ code from mobile_manip/ReachName.srv[0m
[ 18%] [34m[1mGenerating C++ code from mobile_manip/ReachValues.srv[0m
[ 22%] [34m[1mGenerating Python code from SRV mobile_manip/ReachValues[0m
[ 27%] [34m[1mGenerating C++ code from mobile_manip/GetValues.srv[0m
[ 31%] [34m[1mGenerating EusLisp code from mobile_manip/ReachName.srv[0m
[ 36%] [34m[1mGenerating EusLisp code from mobile_manip/ReachValues.srv[0m
[ 40%] [34m[1mGenerating Python code from SRV mobile_manip/GetValues[0m
[ 40%] Built target mobile_manip_generate_messages_cpp
[ 45%] [34m[1mGenerating Lisp code from mobile_manip/ReachName.srv[0m
[ 50%] [34m[1mGenerating EusLisp code from mobile_manip/GetValues.srv[0m
[ 54%] [34m[1mGenerating Lisp code from mobile_manip/ReachValues.srv[0m
[ 59%] [34m[1mGenerating Lisp code from mobile_manip/GetValues.srv[0m
[ 63%] [34m[1mGenerating EusLisp manifest code for mobile_manip[0m
[ 63%] Built target mobile_manip_generate_messages_lisp
[ 68%] [34m[1mGenerating Javascript code from mobile_manip/ReachName.srv[0m
[ 72%] [34m[1mGenerating Python srv __init__.py for mobile_manip[0m
[ 77%] [34m[1mGenerating Javascript code from mobile_manip/ReachValues.srv[0m
[ 81%] [34m[1mGenerating Javascript code from mobile_manip/GetValues.srv[0m
[ 81%] Built target mobile_manip_generate_messages_nodejs
[ 81%] Built target mobile_manip_generate_messages_py
[ 81%] Built target mobile_manip_generate_messages_eus
[ 81%] Built target mobile_manip_generate_messages
[ 86%] [32mBuilding CXX object CMakeFiles/dingo_custom_ros_controller.dir/src/dingo_custom_ros_controller.cpp.o[0m
[ 90%] [32mBuilding CXX object CMakeFiles/dingo_custom_ros_controller.dir/src/odometry.cpp.o[0m
[ 95%] [32m[1mLinking CXX shared library /home/robo/multi_mobile_manip_ws/devel/.private/mobile_manip/lib/libdingo_custom_ros_controller.so[0m
[ 95%] Built target dingo_custom_ros_controller
[100%] [32m[1mLinking CXX shared library /home/robo/multi_mobile_manip_ws/devel/.private/mobile_manip/lib/libgazebo_panel_plugin.so[0m
[100%] Built target gazebo_panel_plugin
