Symlinking /home/robo/multi_mobile_manip_ws/devel/lib/libdingo_custom_ros_controller.so
Symlinking /home/robo/multi_mobile_manip_ws/devel/lib/libgazebo_panel_plugin.so
Symlinking /home/robo/multi_mobile_manip_ws/devel/lib/pkgconfig/mobile_manip.pc
Symlinking /home/robo/multi_mobile_manip_ws/devel/lib/python3/dist-packages/mobile_manip/__init__.py
Symlinking /home/robo/multi_mobile_manip_ws/devel/lib/python3/dist-packages/mobile_manip/srv/__init__.py
Symlinking /home/robo/multi_mobile_manip_ws/devel/lib/python3/dist-packages/mobile_manip/srv/_ReachValues.py
Symlinking /home/robo/multi_mobile_manip_ws/devel/lib/python3/dist-packages/mobile_manip/srv/_GetValues.py
Symlinking /home/robo/multi_mobile_manip_ws/devel/lib/python3/dist-packages/mobile_manip/srv/_ReachName.py
Symlinking /home/robo/multi_mobile_manip_ws/devel/include/mobile_manip/ReachNameRequest.h
Symlinking /home/robo/multi_mobile_manip_ws/devel/include/mobile_manip/GetValuesRequest.h
Symlinking /home/robo/multi_mobile_manip_ws/devel/include/mobile_manip/ReachNameResponse.h
Symlinking /home/robo/multi_mobile_manip_ws/devel/include/mobile_manip/GetValuesResponse.h
Symlinking /home/robo/multi_mobile_manip_ws/devel/include/mobile_manip/ReachValuesRequest.h
Symlinking /home/robo/multi_mobile_manip_ws/devel/include/mobile_manip/ReachValues.h
Symlinking /home/robo/multi_mobile_manip_ws/devel/include/mobile_manip/GetValues.h
Symlinking /home/robo/multi_mobile_manip_ws/devel/include/mobile_manip/ReachName.h
Symlinking /home/robo/multi_mobile_manip_ws/devel/include/mobile_manip/ReachValuesResponse.h
Symlinking /home/robo/multi_mobile_manip_ws/devel/share/roseus/ros/mobile_manip/manifest.l
Symlinking /home/robo/multi_mobile_manip_ws/devel/share/roseus/ros/mobile_manip/srv/GetValues.l
Symlinking /home/robo/multi_mobile_manip_ws/devel/share/roseus/ros/mobile_manip/srv/ReachValues.l
Symlinking /home/robo/multi_mobile_manip_ws/devel/share/roseus/ros/mobile_manip/srv/ReachName.l
Symlinking /home/robo/multi_mobile_manip_ws/devel/share/mobile_manip/cmake/mobile_manip-msg-paths.cmake
Symlinking /home/robo/multi_mobile_manip_ws/devel/share/mobile_manip/cmake/mobile_manip-msg-extras.cmake
Symlinking /home/robo/multi_mobile_manip_ws/devel/share/mobile_manip/cmake/mobile_manipConfig.cmake
Symlinking /home/robo/multi_mobile_manip_ws/devel/share/mobile_manip/cmake/mobile_manipConfig-version.cmake
Symlinking /home/robo/multi_mobile_manip_ws/devel/share/common-lisp/ros/mobile_manip/srv/_package_GetValues.lisp
Symlinking /home/robo/multi_mobile_manip_ws/devel/share/common-lisp/ros/mobile_manip/srv/mobile_manip-srv.asd
Symlinking /home/robo/multi_mobile_manip_ws/devel/share/common-lisp/ros/mobile_manip/srv/_package.lisp
Symlinking /home/robo/multi_mobile_manip_ws/devel/share/common-lisp/ros/mobile_manip/srv/_package_ReachName.lisp
Symlinking /home/robo/multi_mobile_manip_ws/devel/share/common-lisp/ros/mobile_manip/srv/ReachName.lisp
Symlinking /home/robo/multi_mobile_manip_ws/devel/share/common-lisp/ros/mobile_manip/srv/GetValues.lisp
Symlinking /home/robo/multi_mobile_manip_ws/devel/share/common-lisp/ros/mobile_manip/srv/_package_ReachValues.lisp
Symlinking /home/robo/multi_mobile_manip_ws/devel/share/common-lisp/ros/mobile_manip/srv/ReachValues.lisp
Symlinking /home/robo/multi_mobile_manip_ws/devel/share/gennodejs/ros/mobile_manip/_index.js
Symlinking /home/robo/multi_mobile_manip_ws/devel/share/gennodejs/ros/mobile_manip/srv/_index.js
Symlinking /home/robo/multi_mobile_manip_ws/devel/share/gennodejs/ros/mobile_manip/srv/ReachName.js
Symlinking /home/robo/multi_mobile_manip_ws/devel/share/gennodejs/ros/mobile_manip/srv/ReachValues.js
Symlinking /home/robo/multi_mobile_manip_ws/devel/share/gennodejs/ros/mobile_manip/srv/GetValues.js
