Linked: (/home/robo/multi_mobile_manip_ws/devel/.private/mobile_manip/lib/libdingo_custom_ros_controller.so, /home/robo/multi_mobile_manip_ws/devel/lib/libdingo_custom_ros_controller.so)
Linked: (/home/robo/multi_mobile_manip_ws/devel/.private/mobile_manip/lib/libgazebo_panel_plugin.so, /home/robo/multi_mobile_manip_ws/devel/lib/libgazebo_panel_plugin.so)
Linked: (/home/robo/multi_mobile_manip_ws/devel/.private/mobile_manip/lib/pkgconfig/mobile_manip.pc, /home/robo/multi_mobile_manip_ws/devel/lib/pkgconfig/mobile_manip.pc)
Linked: (/home/robo/multi_mobile_manip_ws/devel/.private/mobile_manip/lib/python3/dist-packages/mobile_manip/__init__.py, /home/robo/multi_mobile_manip_ws/devel/lib/python3/dist-packages/mobile_manip/__init__.py)
Linked: (/home/robo/multi_mobile_manip_ws/devel/.private/mobile_manip/lib/python3/dist-packages/mobile_manip/srv/__init__.py, /home/robo/multi_mobile_manip_ws/devel/lib/python3/dist-packages/mobile_manip/srv/__init__.py)
Linked: (/home/robo/multi_mobile_manip_ws/devel/.private/mobile_manip/lib/python3/dist-packages/mobile_manip/srv/_ReachValues.py, /home/robo/multi_mobile_manip_ws/devel/lib/python3/dist-packages/mobile_manip/srv/_ReachValues.py)
Linked: (/home/robo/multi_mobile_manip_ws/devel/.private/mobile_manip/lib/python3/dist-packages/mobile_manip/srv/_GetValues.py, /home/robo/multi_mobile_manip_ws/devel/lib/python3/dist-packages/mobile_manip/srv/_GetValues.py)
Linked: (/home/robo/multi_mobile_manip_ws/devel/.private/mobile_manip/lib/python3/dist-packages/mobile_manip/srv/_ReachName.py, /home/robo/multi_mobile_manip_ws/devel/lib/python3/dist-packages/mobile_manip/srv/_ReachName.py)
Linked: (/home/robo/multi_mobile_manip_ws/devel/.private/mobile_manip/include/mobile_manip/ReachNameRequest.h, /home/robo/multi_mobile_manip_ws/devel/include/mobile_manip/ReachNameRequest.h)
Linked: (/home/robo/multi_mobile_manip_ws/devel/.private/mobile_manip/include/mobile_manip/GetValuesRequest.h, /home/robo/multi_mobile_manip_ws/devel/include/mobile_manip/GetValuesRequest.h)
Linked: (/home/robo/multi_mobile_manip_ws/devel/.private/mobile_manip/include/mobile_manip/ReachNameResponse.h, /home/robo/multi_mobile_manip_ws/devel/include/mobile_manip/ReachNameResponse.h)
Linked: (/home/robo/multi_mobile_manip_ws/devel/.private/mobile_manip/include/mobile_manip/GetValuesResponse.h, /home/robo/multi_mobile_manip_ws/devel/include/mobile_manip/GetValuesResponse.h)
Linked: (/home/robo/multi_mobile_manip_ws/devel/.private/mobile_manip/include/mobile_manip/ReachValuesRequest.h, /home/robo/multi_mobile_manip_ws/devel/include/mobile_manip/ReachValuesRequest.h)
Linked: (/home/robo/multi_mobile_manip_ws/devel/.private/mobile_manip/include/mobile_manip/ReachValues.h, /home/robo/multi_mobile_manip_ws/devel/include/mobile_manip/ReachValues.h)
Linked: (/home/robo/multi_mobile_manip_ws/devel/.private/mobile_manip/include/mobile_manip/GetValues.h, /home/robo/multi_mobile_manip_ws/devel/include/mobile_manip/GetValues.h)
Linked: (/home/robo/multi_mobile_manip_ws/devel/.private/mobile_manip/include/mobile_manip/ReachName.h, /home/robo/multi_mobile_manip_ws/devel/include/mobile_manip/ReachName.h)
Linked: (/home/robo/multi_mobile_manip_ws/devel/.private/mobile_manip/include/mobile_manip/ReachValuesResponse.h, /home/robo/multi_mobile_manip_ws/devel/include/mobile_manip/ReachValuesResponse.h)
Linked: (/home/robo/multi_mobile_manip_ws/devel/.private/mobile_manip/share/roseus/ros/mobile_manip/manifest.l, /home/robo/multi_mobile_manip_ws/devel/share/roseus/ros/mobile_manip/manifest.l)
Linked: (/home/robo/multi_mobile_manip_ws/devel/.private/mobile_manip/share/roseus/ros/mobile_manip/srv/GetValues.l, /home/robo/multi_mobile_manip_ws/devel/share/roseus/ros/mobile_manip/srv/GetValues.l)
Linked: (/home/robo/multi_mobile_manip_ws/devel/.private/mobile_manip/share/roseus/ros/mobile_manip/srv/ReachValues.l, /home/robo/multi_mobile_manip_ws/devel/share/roseus/ros/mobile_manip/srv/ReachValues.l)
Linked: (/home/robo/multi_mobile_manip_ws/devel/.private/mobile_manip/share/roseus/ros/mobile_manip/srv/ReachName.l, /home/robo/multi_mobile_manip_ws/devel/share/roseus/ros/mobile_manip/srv/ReachName.l)
Linked: (/home/robo/multi_mobile_manip_ws/devel/.private/mobile_manip/share/mobile_manip/cmake/mobile_manip-msg-paths.cmake, /home/robo/multi_mobile_manip_ws/devel/share/mobile_manip/cmake/mobile_manip-msg-paths.cmake)
Linked: (/home/robo/multi_mobile_manip_ws/devel/.private/mobile_manip/share/mobile_manip/cmake/mobile_manip-msg-extras.cmake, /home/robo/multi_mobile_manip_ws/devel/share/mobile_manip/cmake/mobile_manip-msg-extras.cmake)
Linked: (/home/robo/multi_mobile_manip_ws/devel/.private/mobile_manip/share/mobile_manip/cmake/mobile_manipConfig.cmake, /home/robo/multi_mobile_manip_ws/devel/share/mobile_manip/cmake/mobile_manipConfig.cmake)
Linked: (/home/robo/multi_mobile_manip_ws/devel/.private/mobile_manip/share/mobile_manip/cmake/mobile_manipConfig-version.cmake, /home/robo/multi_mobile_manip_ws/devel/share/mobile_manip/cmake/mobile_manipConfig-version.cmake)
Linked: (/home/robo/multi_mobile_manip_ws/devel/.private/mobile_manip/share/common-lisp/ros/mobile_manip/srv/_package_GetValues.lisp, /home/robo/multi_mobile_manip_ws/devel/share/common-lisp/ros/mobile_manip/srv/_package_GetValues.lisp)
Linked: (/home/robo/multi_mobile_manip_ws/devel/.private/mobile_manip/share/common-lisp/ros/mobile_manip/srv/mobile_manip-srv.asd, /home/robo/multi_mobile_manip_ws/devel/share/common-lisp/ros/mobile_manip/srv/mobile_manip-srv.asd)
Linked: (/home/robo/multi_mobile_manip_ws/devel/.private/mobile_manip/share/common-lisp/ros/mobile_manip/srv/_package.lisp, /home/robo/multi_mobile_manip_ws/devel/share/common-lisp/ros/mobile_manip/srv/_package.lisp)
Linked: (/home/robo/multi_mobile_manip_ws/devel/.private/mobile_manip/share/common-lisp/ros/mobile_manip/srv/_package_ReachName.lisp, /home/robo/multi_mobile_manip_ws/devel/share/common-lisp/ros/mobile_manip/srv/_package_ReachName.lisp)
Linked: (/home/robo/multi_mobile_manip_ws/devel/.private/mobile_manip/share/common-lisp/ros/mobile_manip/srv/ReachName.lisp, /home/robo/multi_mobile_manip_ws/devel/share/common-lisp/ros/mobile_manip/srv/ReachName.lisp)
Linked: (/home/robo/multi_mobile_manip_ws/devel/.private/mobile_manip/share/common-lisp/ros/mobile_manip/srv/GetValues.lisp, /home/robo/multi_mobile_manip_ws/devel/share/common-lisp/ros/mobile_manip/srv/GetValues.lisp)
Linked: (/home/robo/multi_mobile_manip_ws/devel/.private/mobile_manip/share/common-lisp/ros/mobile_manip/srv/_package_ReachValues.lisp, /home/robo/multi_mobile_manip_ws/devel/share/common-lisp/ros/mobile_manip/srv/_package_ReachValues.lisp)
Linked: (/home/robo/multi_mobile_manip_ws/devel/.private/mobile_manip/share/common-lisp/ros/mobile_manip/srv/ReachValues.lisp, /home/robo/multi_mobile_manip_ws/devel/share/common-lisp/ros/mobile_manip/srv/ReachValues.lisp)
Linked: (/home/robo/multi_mobile_manip_ws/devel/.private/mobile_manip/share/gennodejs/ros/mobile_manip/_index.js, /home/robo/multi_mobile_manip_ws/devel/share/gennodejs/ros/mobile_manip/_index.js)
Linked: (/home/robo/multi_mobile_manip_ws/devel/.private/mobile_manip/share/gennodejs/ros/mobile_manip/srv/_index.js, /home/robo/multi_mobile_manip_ws/devel/share/gennodejs/ros/mobile_manip/srv/_index.js)
Linked: (/home/robo/multi_mobile_manip_ws/devel/.private/mobile_manip/share/gennodejs/ros/mobile_manip/srv/ReachName.js, /home/robo/multi_mobile_manip_ws/devel/share/gennodejs/ros/mobile_manip/srv/ReachName.js)
Linked: (/home/robo/multi_mobile_manip_ws/devel/.private/mobile_manip/share/gennodejs/ros/mobile_manip/srv/ReachValues.js, /home/robo/multi_mobile_manip_ws/devel/share/gennodejs/ros/mobile_manip/srv/ReachValues.js)
Linked: (/home/robo/multi_mobile_manip_ws/devel/.private/mobile_manip/share/gennodejs/ros/mobile_manip/srv/GetValues.js, /home/robo/multi_mobile_manip_ws/devel/share/gennodejs/ros/mobile_manip/srv/GetValues.js)
