Not searching for unused variables given on the command line.
[36m--[0m The C compiler identification is GNU 9.4.0
[36m--[0m The CXX compiler identification is GNU 9.4.0
[36m--[0m Detecting C compiler ABI info
[36m--[0m Detecting C compiler ABI info - done
[36m--[0m Check for working C compiler: /usr/bin/cc - skipped
[36m--[0m Detecting C compile features
[36m--[0m Detecting C compile features - done
[36m--[0m Detecting CXX compiler ABI info
[36m--[0m Detecting CXX compiler ABI info - done
[36m--[0m Check for working CXX compiler: /usr/bin/c++ - skipped
[36m--[0m Detecting CXX compile features
[36m--[0m Detecting CXX compile features - done
[0mCONAN_TARGET_PLATFORM is x86[0m
[36m--[0m Using CATKIN_DEVEL_PREFIX: /home/robo/multi_mobile_manip_ws/devel/.private/kortex_driver
[36m--[0m Using CMAKE_PREFIX_PATH: /home/robo/multi_mobile_manip_ws/devel;/home/robo/catkin_ws/devel;/opt/ros/noetic
[36m--[0m This workspace overlays: /home/robo/multi_mobile_manip_ws/devel;/home/robo/catkin_ws/devel;/opt/ros/noetic
[36m--[0m Found PythonInterp: /usr/bin/python3 (found suitable version "3.8.10", minimum required is "3")
[36m--[0m Using PYTHON_EXECUTABLE: /usr/bin/python3
[36m--[0m Using Debian Python package layout
[36m--[0m Found PY_em: /usr/lib/python3/dist-packages/em.py
[36m--[0m Using empy: /usr/lib/python3/dist-packages/em.py
[36m--[0m Using CATKIN_ENABLE_TESTING: ON
[36m--[0m Call enable_testing()
[36m--[0m Using CATKIN_TEST_RESULTS_DIR: /home/robo/multi_mobile_manip_ws/build/kortex_driver/test_results
[36m--[0m Forcing gtest/gmock from source, though one was otherwise available.
[36m--[0m Found gtest sources under '/usr/src/googletest': gtests will be built
[36m--[0m Found gmock sources under '/usr/src/googletest': gmock will be built
[0mCMake Deprecation Warning at /usr/src/googletest/CMakeLists.txt:4 (cmake_minimum_required):
  Compatibility with CMake < 2.8.12 will be removed from a future version of
  CMake.

  Update the VERSION argument <min> value or use a ...<max> suffix to tell
  CMake that the project does not need compatibility with older versions.

[0m
[0mCMake Deprecation Warning at /usr/src/googletest/googlemock/CMakeLists.txt:45 (cmake_minimum_required):
  Compatibility with CMake < 2.8.12 will be removed from a future version of
  CMake.

  Update the VERSION argument <min> value or use a ...<max> suffix to tell
  CMake that the project does not need compatibility with older versions.

[0m
[0mCMake Deprecation Warning at /usr/src/googletest/googletest/CMakeLists.txt:56 (cmake_minimum_required):
  Compatibility with CMake < 2.8.12 will be removed from a future version of
  CMake.

  Update the VERSION argument <min> value or use a ...<max> suffix to tell
  CMake that the project does not need compatibility with older versions.

[0m
[36m--[0m Found PythonInterp: /usr/bin/python3 (found version "3.8.10")
[36m--[0m Found Threads: TRUE
[36m--[0m Using Python nosetests: /usr/bin/nosetests3
[36m--[0m catkin 0.8.10
[36m--[0m BUILD_SHARED_LIBS is on
[36m--[0m Using these message generators: gencpp;geneus;genlisp;gennodejs;genpy
[36m--[0m Found Boost: /usr/lib/x86_64-linux-gnu/cmake/Boost-1.71.0/BoostConfig.cmake (found version "1.71.0") found components: system
[36m--[0m Generating .msg files for action kortex_driver/FollowCartesianTrajectory /home/robo/multi_mobile_manip_ws/src/ros_kortex/kortex_driver/action/non_generated/FollowCartesianTrajectory.action
Generating for action FollowCartesianTrajectory
[36m--[0m kortex_driver: 432 messages, 259 services
[36m--[0m Conan: checking conan executable in path
[36m--[0m Conan: Found program /usr/local/bin/conan
[36m--[0m Conan: Version found Conan version 1.53.0

[36m--[0m Conan: Adding kinova_public remote repository (https://artifactory.kinovaapps.com/artifactory/api/conan/conan-public)
[36m--[0m Conan: Automatic detection of conan settings from cmake
[36m--[0m Conan: Settings= -s;build_type=Release;-s;compiler=gcc;-s;compiler.version=9;-s;compiler.libcxx=libstdc++11;-s;kortex_api_cpp:compiler=gcc;-s;kortex_api_cpp:compiler.version=5;-s;kortex_api_cpp:compiler.libcxx=libstdc++11
[36m--[0m Conan executing: conan install /home/robo/multi_mobile_manip_ws/src/ros_kortex/kortex_driver/conanfile.py -s build_type=Release -s compiler=gcc -s compiler.version=9 -s compiler.libcxx=libstdc++11 -s kortex_api_cpp:compiler=gcc -s kortex_api_cpp:compiler.version=5 -s kortex_api_cpp:compiler.libcxx=libstdc++11 -g=cmake --update
Configuration:
[settings]
arch=x86_64
arch_build=x86_64
build_type=Release
compiler=gcc
compiler.libcxx=libstdc++11
compiler.version=9
os=Linux
os_build=Linux
kortex_api_cpp:compiler=gcc
kortex_api_cpp:compiler.version=5
kortex_api_cpp:compiler.libcxx=libstdc++11
[options]
[build_requires]
[env]

conanfile.py: Installing package
Requirements
    kortex_api_cpp/2.3.0-r.34@@kortex/stable from 'kinova_public' - Cache
Packages
    kortex_api_cpp/2.3.0-r.34@@kortex/stable:c023db9fc677d4d0b3bd0c20f71385e4cf8a1220 - Cache

Installing (downloading, building) binaries...
kortex_api_cpp/2.3.0-r.34@@kortex/stable: Already installed!
conanfile.py: Generator cmake created conanbuildinfo.cmake
conanfile.py: Generator txt created conanbuildinfo.txt
conanfile.py: Aggregating env generators
conanfile.py: Generated conaninfo.txt
conanfile.py: Generated graphinfo
[36m--[0m Conan: Loading conanbuildinfo.cmake
[36m--[0m Conan: Using cmake targets configuration
[36m--[0m Library KortexApiCpp found /home/robo/.conan/data/kortex_api_cpp/2.3.0-r.34/kortex/stable/package/c023db9fc677d4d0b3bd0c20f71385e4cf8a1220/lib/libKortexApiCpp.a
[36m--[0m Conan: Adjusting default RPATHs Conan policies
[36m--[0m Conan: Adjusting language standard
[36m--[0m Current conanbuildinfo.cmake directory: /home/robo/multi_mobile_manip_ws/build/kortex_driver
[36m--[0m WARN: CONAN_COMPILER variable not set, please make sure yourself that your compiler and version matches your declared settings
[36m--[0m Configuring done
[36m--[0m Generating done
[36m--[0m Build files have been written to: /home/robo/multi_mobile_manip_ws/build/kortex_driver
